生成启动时间为 2013/2/19 17:56:23。
     1>项目“D:\sdlpal\sdlpal.vcxproj”在节点 2 上(build 个目标)。
     1>InitializeBuildStatus:
         正在创建“.\Debug\sdlpal.unsuccessfulbuild”，因为已指定“AlwaysCreate”。
       ClCompile:
         D:\Program Files\Microsoft Visual Studio 10.0\VC\bin\CL.exe /c /Id:\sdl\include /ZI /nologo /W3 /WX- /Od /Oy- /D WIN32 /D _DEBUG /D _WINDOWS /D _VC80_UPGRADE=0x0600 /D _MBCS /Gm /EHsc /RTC1 /MDd /GS /Gy- /fp:precise /Zc:wchar_t /Zc:forScope /Fo".\Debug\\" /Fd".\Debug\vc100.pdb" /FR".\Debug\\" /Gd /TC /analyze- /errorReport:prompt main.c
         main.c
         所有输出均为最新。
       ResourceCompile:
         所有输出均为最新。
       ManifestResourceCompile:
         所有输出均为最新。
       Link:
         D:\Program Files\Microsoft Visual Studio 10.0\VC\bin\link.exe /ERRORREPORT:PROMPT /OUT:".\Debug\sdlpal.exe" /INCREMENTAL /NOLOGO /LIBPATH:d:\sdl\lib odbc32.lib odbccp32.lib sdl.lib sdlmain.lib kernel32.lib user32.lib gdi32.lib winspool.lib comdlg32.lib advapi32.lib shell32.lib ole32.lib oleaut32.lib uuid.lib odbc32.lib odbccp32.lib /MANIFEST /ManifestFile:".\Debug\sdlpal.exe.intermediate.manifest" /MANIFESTUAC:"level='asInvoker' uiAccess='false'" /DEBUG /PDB:"D:\sdlpal\Debug\sdlpal.pdb" /SUBSYSTEM:WINDOWS /TLBID:1 /DYNAMICBASE /NXCOMPAT /IMPLIB:".\Debug\sdlpal.lib" /MACHINE:X86 .\Debug\sdlpal.res
         .\Debug\sdlpal.exe.embed.manifest.res
         .\Debug\battle.obj
         .\Debug\ending.obj
         .\Debug\fight.obj
         .\Debug\font.obj
         .\Debug\game.obj
         .\Debug\getopt.obj
         .\Debug\global.obj
         .\Debug\input.obj
         .\Debug\itemmenu.obj
         .\Debug\magicmenu.obj
         .\Debug\main.obj
         .\Debug\map.obj
         .\Debug\palcommon.obj
         .\Debug\palette.obj
         .\Debug\play.obj
         .\Debug\res.obj
         .\Debug\rixplay.obj
         .\Debug\rngplay.obj
         .\Debug\scene.obj
         .\Debug\script.obj
         .\Debug\sound.obj
         .\Debug\text.obj
         .\Debug\ui.obj
         .\Debug\uibattle.obj
         .\Debug\uigame.obj
         .\Debug\util.obj
         .\Debug\video.obj
         .\Debug\yj1.obj
         .\Debug\binfile.obj
         .\Debug\binio.obj
         .\Debug\emuopl.obj
         .\Debug\fmopl.obj
         .\Debug\fprovide.obj
         .\Debug\player.obj
         .\Debug\rix.obj
       Manifest:
         c:\Program Files\Microsoft SDKs\Windows\v7.0A\bin\mt.exe /nologo /verbose /out:".\Debug\sdlpal.exe.embed.manifest" /manifest .\Debug\sdlpal.exe.intermediate.manifest
         所有输出均为最新。
       LinkEmbedManifest:
         所有输出均为最新。
         sdlpal.vcxproj -> D:\sdlpal\.\Debug\sdlpal.exe
       BscMake:
         所有输出均为最新。
       FinalizeBuildStatus:
         正在删除文件“.\Debug\sdlpal.unsuccessfulbuild”。
         正在对“.\Debug\sdlpal.lastbuildstate”执行 Touch 任务。
     1>已完成生成项目“D:\sdlpal\sdlpal.vcxproj”(build 个目标)的操作。

生成成功。

已用时间 00:00:01.54
