.\Debug\sdlpal.pdb
D:\sdlpal\.\Debug\sdlpal.exe.intermediate.manifest
D:\SDLPAL\DEBUG\BATTLE.OBJ
D:\SDLPAL\DEBUG\BATTLE.SBR
D:\SDLPAL\DEBUG\BINFILE.OBJ
D:\SDLPAL\DEBUG\BINFILE.SBR
D:\SDLPAL\DEBUG\BINIO.OBJ
D:\SDLPAL\DEBUG\BINIO.SBR
D:\sdlpal\Debug\cl.command.1.tlog
D:\sdlpal\Debug\CL.read.1.tlog
D:\sdlpal\Debug\CL.write.1.tlog
D:\SDLPAL\DEBUG\EMUOPL.OBJ
D:\SDLPAL\DEBUG\EMUOPL.SBR
D:\SDLPAL\DEBUG\ENDING.OBJ
D:\SDLPAL\DEBUG\ENDING.SBR
D:\SDLPAL\DEBUG\FIGHT.OBJ
D:\SDLPAL\DEBUG\FIGHT.SBR
D:\SDLPAL\DEBUG\FMOPL.OBJ
D:\SDLPAL\DEBUG\FMOPL.SBR
D:\SDLPAL\DEBUG\FONT.OBJ
D:\SDLPAL\DEBUG\FONT.SBR
D:\SDLPAL\DEBUG\FPROVIDE.OBJ
D:\SDLPAL\DEBUG\FPROVIDE.SBR
D:\SDLPAL\DEBUG\GAME.OBJ
D:\SDLPAL\DEBUG\GAME.SBR
D:\SDLPAL\DEBUG\GETOPT.OBJ
D:\SDLPAL\DEBUG\GETOPT.SBR
D:\SDLPAL\DEBUG\GLOBAL.OBJ
D:\SDLPAL\DEBUG\GLOBAL.SBR
D:\SDLPAL\DEBUG\INPUT.OBJ
D:\SDLPAL\DEBUG\INPUT.SBR
D:\SDLPAL\DEBUG\ITEMMENU.OBJ
D:\SDLPAL\DEBUG\ITEMMENU.SBR
D:\sdlpal\Debug\link.command.1.tlog
D:\sdlpal\Debug\link.read.1.tlog
D:\sdlpal\Debug\link.write.1.tlog
D:\sdlpal\Debug\link-cvtres.read.1.tlog
D:\sdlpal\Debug\link-cvtres.write.1.tlog
D:\SDLPAL\DEBUG\MAGICMENU.OBJ
D:\SDLPAL\DEBUG\MAGICMENU.SBR
D:\SDLPAL\DEBUG\MAIN.OBJ
D:\SDLPAL\DEBUG\MAIN.SBR
D:\SDLPAL\DEBUG\MAP.OBJ
D:\SDLPAL\DEBUG\MAP.SBR
D:\SDLPAL\DEBUG\PALCOMMON.OBJ
D:\SDLPAL\DEBUG\PALCOMMON.SBR
D:\SDLPAL\DEBUG\PALETTE.OBJ
D:\SDLPAL\DEBUG\PALETTE.SBR
D:\SDLPAL\DEBUG\PLAY.OBJ
D:\SDLPAL\DEBUG\PLAY.SBR
D:\SDLPAL\DEBUG\PLAYER.OBJ
D:\SDLPAL\DEBUG\PLAYER.SBR
D:\sdlpal\Debug\rc.command.1.tlog
D:\sdlpal\Debug\rc.read.1.tlog
D:\sdlpal\Debug\rc.write.1.tlog
D:\SDLPAL\DEBUG\RES.OBJ
D:\SDLPAL\DEBUG\RES.SBR
D:\SDLPAL\DEBUG\RIX.OBJ
D:\SDLPAL\DEBUG\RIX.SBR
D:\SDLPAL\DEBUG\RIXPLAY.OBJ
D:\SDLPAL\DEBUG\RIXPLAY.SBR
D:\SDLPAL\DEBUG\RNGPLAY.OBJ
D:\SDLPAL\DEBUG\RNGPLAY.SBR
D:\SDLPAL\DEBUG\SCENE.OBJ
D:\SDLPAL\DEBUG\SCENE.SBR
D:\SDLPAL\DEBUG\SCRIPT.OBJ
D:\SDLPAL\DEBUG\SCRIPT.SBR
D:\sdlpal\Debug\sdlpal.exe.embed.manifest
D:\SDLPAL\DEBUG\SDLPAL.EXE.EMBED.MANIFEST.RES
D:\sdlpal\Debug\sdlpal.exe.intermediate.manifest
D:\sdlpal\Debug\sdlpal.pdb
D:\SDLPAL\DEBUG\SDLPAL.RES
D:\sdlpal\Debug\sdlpal.write.1.tlog
D:\sdlpal\Debug\sdlpal_manifest.rc
D:\SDLPAL\DEBUG\SOUND.OBJ
D:\SDLPAL\DEBUG\SOUND.SBR
D:\SDLPAL\DEBUG\TEXT.OBJ
D:\SDLPAL\DEBUG\TEXT.SBR
D:\SDLPAL\DEBUG\UI.OBJ
D:\SDLPAL\DEBUG\UI.SBR
D:\SDLPAL\DEBUG\UIBATTLE.OBJ
D:\SDLPAL\DEBUG\UIBATTLE.SBR
D:\SDLPAL\DEBUG\UIGAME.OBJ
D:\SDLPAL\DEBUG\UIGAME.SBR
D:\SDLPAL\DEBUG\UTIL.OBJ
D:\SDLPAL\DEBUG\UTIL.SBR
D:\sdlpal\Debug\vc100.idb
D:\SDLPAL\DEBUG\VC100.PDB
D:\SDLPAL\DEBUG\VIDEO.OBJ
D:\SDLPAL\DEBUG\VIDEO.SBR
D:\SDLPAL\DEBUG\YJ1.OBJ
D:\SDLPAL\DEBUG\YJ1.SBR
